\BOOKMARK [1][-]{section.1}{\376\377\000D\000a\000t\000a\000\040\000P\000r\000o\000c\000e\000s\000s\000i\000n\000g}{}% 1
\BOOKMARK [2][-]{subsection.1.1}{\376\377\000T\000o\000k\000e\000n\000i\000z\000e\000r}{section.1}% 2
\BOOKMARK [3][-]{subsubsection.1.1.1}{\376\377\000C\000o\000n\000t\000e\000x\000t\000\040\000S\000e\000l\000e\000c\000t\000i\000o\000n}{subsection.1.1}% 3
\BOOKMARK [3][-]{subsubsection.1.1.2}{\376\377\000Q\000u\000e\000s\000t\000i\000o\000n\000\040\000A\000n\000s\000w\000e\000r\000i\000n\000g}{subsection.1.1}% 4
\BOOKMARK [2][-]{subsection.1.2}{\376\377\000A\000n\000s\000w\000e\000r\000\040\000S\000p\000a\000n}{section.1}% 5
\BOOKMARK [3][-]{subsubsection.1.2.1}{\376\377\000P\000r\000e\000p\000r\000o\000c\000e\000s\000s\000i\000n\000g}{subsection.1.2}% 6
\BOOKMARK [3][-]{subsubsection.1.2.2}{\376\377\000P\000o\000s\000t\000p\000r\000o\000c\000e\000s\000s\000i\000n\000g}{subsection.1.2}% 7
\BOOKMARK [1][-]{section.2}{\376\377\000M\000o\000d\000e\000l\000i\000n\000g\000\040\000w\000i\000t\000h\000\040\000B\000E\000R\000T\000s\000\040\000a\000n\000d\000\040\000t\000h\000e\000i\000r\000\040\000v\000a\000r\000i\000a\000n\000t\000s}{}% 8
\BOOKMARK [2][-]{subsection.2.1}{\376\377\000B\000a\000s\000e\000l\000i\000n\000e\000\040\000M\000o\000d\000e\000l}{section.2}% 9
\BOOKMARK [2][-]{subsection.2.2}{\376\377\000M\000o\000d\000e\000l\000\040\000w\000i\000t\000h\000\040\000b\000e\000s\000t\000\040\000p\000e\000r\000f\000o\000r\000m\000a\000n\000c\000e}{section.2}% 10
\BOOKMARK [2][-]{subsection.2.3}{\376\377\000O\000t\000h\000e\000r\000\040\000m\000o\000d\000e\000l\000s}{section.2}% 11
\BOOKMARK [1][-]{section.3}{\376\377\000C\000u\000r\000v\000e\000s}{}% 12
\BOOKMARK [2][-]{subsection.3.1}{\376\377\000C\000o\000n\000t\000e\000x\000t\000\040\000S\000e\000l\000e\000c\000t\000i\000o\000n}{section.3}% 13
\BOOKMARK [2][-]{subsection.3.2}{\376\377\000Q\000u\000e\000s\000t\000i\000o\000n\000\040\000A\000n\000s\000w\000e\000r\000i\000n\000g}{section.3}% 14
\BOOKMARK [1][-]{section.4}{\376\377\000P\000r\000e\000t\000r\000a\000i\000n\000e\000d\000\040\000v\000s\000\040\000F\000r\000o\000m\000\040\000S\000c\000r\000a\000t\000c\000h}{}% 15
\BOOKMARK [2][-]{subsection.4.1}{\376\377\000C\000o\000n\000f\000i\000g\000u\000r\000a\000t\000i\000o\000n}{section.4}% 16
\BOOKMARK [2][-]{subsection.4.2}{\376\377\000P\000e\000r\000f\000o\000r\000m\000a\000n\000c\000e}{section.4}% 17
\BOOKMARK [2][-]{subsection.4.3}{\376\377\000C\000o\000m\000p\000a\000r\000i\000s\000o\000n}{section.4}% 18
\BOOKMARK [3][-]{subsubsection.4.3.1}{\376\377\000E\000v\000e\000n\000\040\000s\000m\000a\000l\000l\000e\000r\000\040\000B\000E\000R\000T}{subsection.4.3}% 19
\BOOKMARK [1][-]{section.5}{\376\377\000H\000W\0001\000\040\000w\000i\000t\000h\000\040\000B\000E\000R\000T\000s}{}% 20
\BOOKMARK [2][-]{subsection.5.1}{\376\377\000M\000o\000d\000e\000l}{section.5}% 21
\BOOKMARK [3][-]{subsubsection.5.1.1}{\376\377\000C\000o\000n\000f\000i\000g\000u\000r\000a\000t\000i\000o\000n}{subsection.5.1}% 22
\BOOKMARK [2][-]{subsection.5.2}{\376\377\000P\000e\000r\000f\000o\000r\000m\000a\000n\000c\000e}{section.5}% 23
\BOOKMARK [3][-]{subsubsection.5.2.1}{\376\377\000I\000n\000t\000e\000n\000t\000\040\000C\000l\000a\000s\000s\000i\000f\000i\000c\000a\000t\000i\000o\000n}{subsection.5.2}% 24
\BOOKMARK [3][-]{subsubsection.5.2.2}{\376\377\000S\000l\000o\000g\000\040\000T\000a\000g\000g\000i\000n\000g}{subsection.5.2}% 25
\BOOKMARK [2][-]{subsection.5.3}{\376\377\000L\000o\000s\000s\000\040\000F\000u\000n\000c\000t\000i\000o\000n}{section.5}% 26
\BOOKMARK [2][-]{subsection.5.4}{\376\377\000O\000p\000t\000i\000m\000i\000z\000a\000t\000i\000o\000n}{section.5}% 27
